c:\users\emirg\dev\puffer\internaloverlay\internaloverlay\x64\release\vc145.pdb
c:\users\emirg\dev\puffer\internaloverlay\internaloverlay\x64\release\imgui_impl_dx11.obj
c:\users\emirg\dev\puffer\internaloverlay\internaloverlay\x64\release\imgui_impl_win32.obj
c:\users\emirg\dev\puffer\internaloverlay\internaloverlay\x64\release\imgui_demo.obj
c:\users\emirg\dev\puffer\internaloverlay\internaloverlay\x64\release\imgui_tables.obj
c:\users\emirg\dev\puffer\internaloverlay\internaloverlay\x64\release\imgui_widgets.obj
c:\users\emirg\dev\puffer\internaloverlay\internaloverlay\x64\release\imgui_draw.obj
c:\users\emirg\dev\puffer\internaloverlay\internaloverlay\x64\release\imgui.obj
c:\users\emirg\dev\puffer\internaloverlay\internaloverlay\x64\release\overlay.obj
c:\users\emirg\dev\puffer\internaloverlay\internaloverlay\x64\release\hde64.obj
c:\users\emirg\dev\puffer\internaloverlay\internaloverlay\x64\release\hde32.obj
c:\users\emirg\dev\puffer\internaloverlay\internaloverlay\x64\release\trampoline.obj
c:\users\emirg\dev\puffer\internaloverlay\internaloverlay\x64\release\buffer.obj
c:\users\emirg\dev\puffer\internaloverlay\internaloverlay\x64\release\hook.obj
c:\users\emirg\dev\puffer\internaloverlay\x64\release\internaloverlay.dll
c:\users\emirg\dev\puffer\internaloverlay\x64\release\internaloverlay.pdb
c:\users\emirg\dev\puffer\internaloverlay\internaloverlay\x64\release\internaloverlay.ipdb
c:\users\emirg\dev\puffer\internaloverlay\internaloverlay\x64\release\internaloverlay.iobj
c:\users\emirg\dev\puffer\internaloverlay\internaloverlay\x64\release\internaloverlay.tlog\cl.command.1.tlog
c:\users\emirg\dev\puffer\internaloverlay\internaloverlay\x64\release\internaloverlay.tlog\cl.items.tlog
c:\users\emirg\dev\puffer\internaloverlay\internaloverlay\x64\release\internaloverlay.tlog\cl.read.1.tlog
c:\users\emirg\dev\puffer\internaloverlay\internaloverlay\x64\release\internaloverlay.tlog\cl.write.1.tlog
c:\users\emirg\dev\puffer\internaloverlay\internaloverlay\x64\release\internaloverlay.tlog\link.command.1.tlog
c:\users\emirg\dev\puffer\internaloverlay\internaloverlay\x64\release\internaloverlay.tlog\link.read.1.tlog
c:\users\emirg\dev\puffer\internaloverlay\internaloverlay\x64\release\internaloverlay.tlog\link.secondary.1.tlog
c:\users\emirg\dev\puffer\internaloverlay\internaloverlay\x64\release\internaloverlay.tlog\link.write.1.tlog
